<?xml version="1.0" encoding="UTF-8"?>
<!-- Generated by org.testng.reporters.JUnitReportReporter -->
<testsuite hostname="MBP-de-Fabricio" failures="0" tests="2" name="RestAssuredTest" time="4.183" errors="0" timestamp="2019-11-12T23:39:20 BRST" skipped="0">
  <testcase classname="RestAssuredTest" name="getPageOne" time="3.934"/>
  <testcase classname="RestAssuredTest" name="getUser" time="0.249"/>
</testsuite> <!-- RestAssuredTest -->
